<?xml version="1.0" encoding="UTF-8"?>
<Site BuildName="(empty)"
	BuildStamp="20231114-0228-Experimental"
	Name="benjamin-XPS-13-9305"
	Generator="ctest-3.16.3"
	CompilerName="/usr/bin/c++"
	CompilerVersion="9.4.0"
	OSName="Linux"
	Hostname="benjamin-XPS-13-9305"
	OSRelease="5.15.0-88-generic"
	OSVersion="#98~20.04.1-Ubuntu SMP Mon Oct 9 16:43:45 UTC 2023"
	OSPlatform="x86_64"
	Is64Bits="1"
	VendorString="GenuineIntel"
	VendorID="Intel Corporation"
	FamilyID="6"
	ModelID="140"
	ProcessorCacheSize="8192"
	NumberOfLogicalCPU="8"
	NumberOfPhysicalCPU="4"
	TotalVirtualMemory="1327"
	TotalPhysicalMemory="7666"
	LogicalProcessorsPerPhysical="2"
	ProcessorClockFrequency="3800"
	>
	<Testing>
		<StartDateTime>Nov 14 13:28 AEDT</StartDateTime>
		<StartTestTime>1699928885</StartTestTime>
		<TestList/>
		<EndDateTime>Nov 14 13:28 AEDT</EndDateTime>
		<EndTestTime>1699928885</EndTestTime>
		<ElapsedMinutes>0</ElapsedMinutes>
	</Testing>
</Site>
